2025-06-08 17:38:31.916 +03:00 [WRN] Sensitive data logging is enabled. Log entries and exception messages may include sensitive application data; this mode should only be enabled during development.
2025-06-08 17:38:32.056 +03:00 [WRN] The entity type 'Address' is an optional dependent using table sharing without any required non shared property that could be used to identify whether the entity exists. If all nullable properties contain a null value in database then an object instance won't be created in the query. Add a required property to create instances with null values for other properties or mark the incoming navigation as required to always create an instance.
2025-06-08 17:38:32.073 +03:00 [WRN] No store type was specified for the decimal property 'Price' on entity type 'Dish'. This will cause values to be silently truncated if they do not fit in the default precision and scale. Explicitly specify the SQL server column type that can accommodate all the values in 'OnModelCreating' using 'HasColumnType', specify precision and scale using 'HasPrecision', or configure a value converter using 'HasConversion'.
2025-06-08 17:38:35.023 +03:00 [INF] Executed DbCommand (48ms) [Parameters=[], CommandType='"Text"', CommandTimeout='30']
SELECT 1
2025-06-08 17:38:35.345 +03:00 [INF] Executed DbCommand (12ms) [Parameters=[], CommandType='"Text"', CommandTimeout='30']
SELECT CASE
    WHEN EXISTS (
        SELECT 1
        FROM [AspNetRoles] AS [a]) THEN CAST(1 AS bit)
    ELSE CAST(0 AS bit)
END
2025-06-08 17:39:22.752 +03:00 [INF] Retrieving all restaurants from the repository.
2025-06-08 17:39:22.956 +03:00 [INF] Executed DbCommand (36ms) [Parameters=[@__searchTerm_0_rewritten='%' (Size = 4000)], CommandType='"Text"', CommandTimeout='30']
SELECT COUNT(*)
FROM [Resturants] AS [r]
WHERE LOWER([r].[Name]) LIKE @__searchTerm_0_rewritten ESCAPE N'\' OR LOWER([r].[Description]) LIKE @__searchTerm_0_rewritten ESCAPE N'\' OR LOWER([r].[Category]) LIKE @__searchTerm_0_rewritten ESCAPE N'\'
2025-06-08 17:39:23.054 +03:00 [INF] Executed DbCommand (4ms) [Parameters=[@__searchTerm_0_rewritten='%' (Size = 4000), @__p_1='0', @__p_2='10'], CommandType='"Text"', CommandTimeout='30']
SELECT [r].[Id], [r].[Category], [r].[Closing], [r].[ContactNumber], [r].[Description], [r].[Email], [r].[HasDelivery], [r].[LogoUrl], [r].[Name], [r].[Opening], [r].[OwnerId], [r].[Address_City], [r].[Address_PostalCode], [r].[Address_Street]
FROM [Resturants] AS [r]
WHERE LOWER([r].[Name]) LIKE @__searchTerm_0_rewritten ESCAPE N'\' OR LOWER([r].[Description]) LIKE @__searchTerm_0_rewritten ESCAPE N'\' OR LOWER([r].[Category]) LIKE @__searchTerm_0_rewritten ESCAPE N'\'
ORDER BY [r].[Name]
OFFSET @__p_1 ROWS FETCH NEXT @__p_2 ROWS ONLY
2025-06-08 17:39:23.065 +03:00 [INF] Successfully retrieved 0 restaurants.
2025-06-08 17:39:23.091 +03:00 [INF] HTTP GET /api/Resturant responded 200 in 570.4805 ms
2025-06-08 17:50:25.738 +03:00 [WRN] Sensitive data logging is enabled. Log entries and exception messages may include sensitive application data; this mode should only be enabled during development.
2025-06-08 17:50:25.881 +03:00 [WRN] The entity type 'Address' is an optional dependent using table sharing without any required non shared property that could be used to identify whether the entity exists. If all nullable properties contain a null value in database then an object instance won't be created in the query. Add a required property to create instances with null values for other properties or mark the incoming navigation as required to always create an instance.
2025-06-08 17:50:25.904 +03:00 [WRN] No store type was specified for the decimal property 'Price' on entity type 'Dish'. This will cause values to be silently truncated if they do not fit in the default precision and scale. Explicitly specify the SQL server column type that can accommodate all the values in 'OnModelCreating' using 'HasColumnType', specify precision and scale using 'HasPrecision', or configure a value converter using 'HasConversion'.
2025-06-08 17:50:26.987 +03:00 [INF] Executed DbCommand (52ms) [Parameters=[], CommandType='"Text"', CommandTimeout='30']
SELECT 1
2025-06-08 17:50:27.389 +03:00 [INF] Executed DbCommand (10ms) [Parameters=[], CommandType='"Text"', CommandTimeout='30']
SELECT CASE
    WHEN EXISTS (
        SELECT 1
        FROM [AspNetRoles] AS [a]) THEN CAST(1 AS bit)
    ELSE CAST(0 AS bit)
END
2025-06-08 17:50:50.959 +03:00 [INF] Retrieving all restaurants from the repository.
2025-06-08 17:50:51.571 +03:00 [INF] Executed DbCommand (298ms) [Parameters=[@__searchTerm_0_rewritten='%' (Size = 4000)], CommandType='"Text"', CommandTimeout='30']
SELECT COUNT(*)
FROM [Resturants] AS [r]
WHERE LOWER([r].[Name]) LIKE @__searchTerm_0_rewritten ESCAPE N'\' OR LOWER([r].[Description]) LIKE @__searchTerm_0_rewritten ESCAPE N'\' OR LOWER([r].[Category]) LIKE @__searchTerm_0_rewritten ESCAPE N'\'
2025-06-08 17:50:51.714 +03:00 [INF] Executed DbCommand (6ms) [Parameters=[@__searchTerm_0_rewritten='%' (Size = 4000), @__p_1='0', @__p_2='10'], CommandType='"Text"', CommandTimeout='30']
SELECT [r].[Id], [r].[Category], [r].[Closing], [r].[ContactNumber], [r].[Description], [r].[Email], [r].[HasDelivery], [r].[LogoUrl], [r].[Name], [r].[Opening], [r].[OwnerId], [r].[Address_City], [r].[Address_PostalCode], [r].[Address_Street]
FROM [Resturants] AS [r]
WHERE LOWER([r].[Name]) LIKE @__searchTerm_0_rewritten ESCAPE N'\' OR LOWER([r].[Description]) LIKE @__searchTerm_0_rewritten ESCAPE N'\' OR LOWER([r].[Category]) LIKE @__searchTerm_0_rewritten ESCAPE N'\'
ORDER BY [r].[Name]
OFFSET @__p_1 ROWS FETCH NEXT @__p_2 ROWS ONLY
2025-06-08 17:50:51.724 +03:00 [INF] Successfully retrieved 0 restaurants.
2025-06-08 17:50:51.759 +03:00 [INF] HTTP GET /api/Resturant responded 200 in 1170.7068 ms
{"@t":"2025-06-08T14:53:46.2623442Z","@mt":"Sensitive data logging is enabled. Log entries and exception messages may include sensitive application data; this mode should only be enabled during development.","@l":"Warning","EventId":{"Id":10400,"Name":"Microsoft.EntityFrameworkCore.Infrastructure.SensitiveDataLoggingEnabledWarning"},"SourceContext":"Microsoft.EntityFrameworkCore.Model.Validation"}
{"@t":"2025-06-08T14:53:46.3921186Z","@mt":"The entity type '{entityType}' is an optional dependent using table sharing without any required non shared property that could be used to identify whether the entity exists. If all nullable properties contain a null value in database then an object instance won't be created in the query. Add a required property to create instances with null values for other properties or mark the incoming navigation as required to always create an instance.","@l":"Warning","entityType":"Address","EventId":{"Id":20606,"Name":"Microsoft.EntityFrameworkCore.Model.Validation.OptionalDependentWithoutIdentifyingPropertyWarning"},"SourceContext":"Microsoft.EntityFrameworkCore.Model.Validation"}
{"@t":"2025-06-08T14:53:46.4076592Z","@mt":"No store type was specified for the decimal property '{property}' on entity type '{entityType}'. This will cause values to be silently truncated if they do not fit in the default precision and scale. Explicitly specify the SQL server column type that can accommodate all the values in 'OnModelCreating' using 'HasColumnType', specify precision and scale using 'HasPrecision', or configure a value converter using 'HasConversion'.","@l":"Warning","property":"Price","entityType":"Dish","EventId":{"Id":30000,"Name":"Microsoft.EntityFrameworkCore.Model.Validation.DecimalTypeDefaultWarning"},"SourceContext":"Microsoft.EntityFrameworkCore.Model.Validation"}
{"@t":"2025-06-08T14:53:46.9380471Z","@mt":"Executed DbCommand ({elapsed}ms) [Parameters=[{parameters}], CommandType='{commandType}', CommandTimeout='{commandTimeout}']{newLine}{commandText}","elapsed":"36","parameters":"","commandType":"Text","commandTimeout":30,"newLine":"\r\n","commandText":"SELECT 1","EventId":{"Id":20101,"Name":"Microsoft.EntityFrameworkCore.Database.Command.CommandExecuted"},"SourceContext":"Microsoft.EntityFrameworkCore.Database.Command"}
{"@t":"2025-06-08T14:53:47.2586214Z","@mt":"Executed DbCommand ({elapsed}ms) [Parameters=[{parameters}], CommandType='{commandType}', CommandTimeout='{commandTimeout}']{newLine}{commandText}","elapsed":"11","parameters":"","commandType":"Text","commandTimeout":30,"newLine":"\r\n","commandText":"SELECT CASE\r\n    WHEN EXISTS (\r\n        SELECT 1\r\n        FROM [AspNetRoles] AS [a]) THEN CAST(1 AS bit)\r\n    ELSE CAST(0 AS bit)\r\nEND","EventId":{"Id":20101,"Name":"Microsoft.EntityFrameworkCore.Database.Command.CommandExecuted"},"SourceContext":"Microsoft.EntityFrameworkCore.Database.Command"}
{"@t":"2025-06-08T14:54:06.1755483Z","@mt":"Retrieving all restaurants from the repository.","@tr":"5baf5b38dfc02640f306ccd446cc27d6","@sp":"e764ee773be2e6f9","SourceContext":"Resturant.Application.Resturants.Query.GetAllResturants.GetAllResturantsQueryHandler","ActionId":"c0af2fd6-dd74-4e1b-9020-f888a3b87c33","ActionName":"Resturant.API.Controllers.ResturantController.GetAll (Resturant.API)","RequestId":"0HND6JH33DSFU:00000001","RequestPath":"/api/Resturant","ConnectionId":"0HND6JH33DSFU"}
{"@t":"2025-06-08T14:54:06.3834604Z","@mt":"Executed DbCommand ({elapsed}ms) [Parameters=[{parameters}], CommandType='{commandType}', CommandTimeout='{commandTimeout}']{newLine}{commandText}","@tr":"5baf5b38dfc02640f306ccd446cc27d6","@sp":"e764ee773be2e6f9","elapsed":"30","parameters":"@__searchTerm_0_rewritten='%' (Size = 4000)","commandType":"Text","commandTimeout":30,"newLine":"\r\n","commandText":"SELECT COUNT(*)\r\nFROM [Resturants] AS [r]\r\nWHERE LOWER([r].[Name]) LIKE @__searchTerm_0_rewritten ESCAPE N'\\' OR LOWER([r].[Description]) LIKE @__searchTerm_0_rewritten ESCAPE N'\\' OR LOWER([r].[Category]) LIKE @__searchTerm_0_rewritten ESCAPE N'\\'","EventId":{"Id":20101,"Name":"Microsoft.EntityFrameworkCore.Database.Command.CommandExecuted"},"SourceContext":"Microsoft.EntityFrameworkCore.Database.Command","ActionId":"c0af2fd6-dd74-4e1b-9020-f888a3b87c33","ActionName":"Resturant.API.Controllers.ResturantController.GetAll (Resturant.API)","RequestId":"0HND6JH33DSFU:00000001","RequestPath":"/api/Resturant","ConnectionId":"0HND6JH33DSFU"}
{"@t":"2025-06-08T14:54:06.4909926Z","@mt":"Executed DbCommand ({elapsed}ms) [Parameters=[{parameters}], CommandType='{commandType}', CommandTimeout='{commandTimeout}']{newLine}{commandText}","@tr":"5baf5b38dfc02640f306ccd446cc27d6","@sp":"e764ee773be2e6f9","elapsed":"5","parameters":"@__searchTerm_0_rewritten='%' (Size = 4000), @__p_1='0', @__p_2='10'","commandType":"Text","commandTimeout":30,"newLine":"\r\n","commandText":"SELECT [r].[Id], [r].[Category], [r].[Closing], [r].[ContactNumber], [r].[Description], [r].[Email], [r].[HasDelivery], [r].[LogoUrl], [r].[Name], [r].[Opening], [r].[OwnerId], [r].[Address_City], [r].[Address_PostalCode], [r].[Address_Street]\r\nFROM [Resturants] AS [r]\r\nWHERE LOWER([r].[Name]) LIKE @__searchTerm_0_rewritten ESCAPE N'\\' OR LOWER([r].[Description]) LIKE @__searchTerm_0_rewritten ESCAPE N'\\' OR LOWER([r].[Category]) LIKE @__searchTerm_0_rewritten ESCAPE N'\\'\r\nORDER BY [r].[Name]\r\nOFFSET @__p_1 ROWS FETCH NEXT @__p_2 ROWS ONLY","EventId":{"Id":20101,"Name":"Microsoft.EntityFrameworkCore.Database.Command.CommandExecuted"},"SourceContext":"Microsoft.EntityFrameworkCore.Database.Command","ActionId":"c0af2fd6-dd74-4e1b-9020-f888a3b87c33","ActionName":"Resturant.API.Controllers.ResturantController.GetAll (Resturant.API)","RequestId":"0HND6JH33DSFU:00000001","RequestPath":"/api/Resturant","ConnectionId":"0HND6JH33DSFU"}
{"@t":"2025-06-08T14:54:06.5019721Z","@mt":"Successfully retrieved {Count} restaurants.","@tr":"5baf5b38dfc02640f306ccd446cc27d6","@sp":"e764ee773be2e6f9","Count":0,"SourceContext":"Resturant.Application.Resturants.Query.GetAllResturants.GetAllResturantsQueryHandler","ActionId":"c0af2fd6-dd74-4e1b-9020-f888a3b87c33","ActionName":"Resturant.API.Controllers.ResturantController.GetAll (Resturant.API)","RequestId":"0HND6JH33DSFU:00000001","RequestPath":"/api/Resturant","ConnectionId":"0HND6JH33DSFU"}
{"@t":"2025-06-08T14:54:06.5313776Z","@mt":"HTTP {RequestMethod} {RequestPath} responded {StatusCode} in {Elapsed:0.0000} ms","@r":["574.8462"],"@tr":"5baf5b38dfc02640f306ccd446cc27d6","@sp":"e764ee773be2e6f9","RequestMethod":"GET","RequestPath":"/api/Resturant","StatusCode":200,"Elapsed":574.8462,"SourceContext":"Serilog.AspNetCore.RequestLoggingMiddleware"}
